TN:
SF:classList.js
FN:4,(anonymous_0)
FN:7,(anonymous_1)
FN:10,(anonymous_2)
FN:13,(anonymous_3)
FN:16,(anonymous_4)
FNF:5
FNH:5
FNDA:2,(anonymous_0)
FNDA:1,(anonymous_1)
FNDA:2,(anonymous_2)
FNDA:4,(anonymous_3)
FNDA:1,(anonymous_4)
DA:1,1
DA:3,1
DA:5,2
DA:8,1
DA:11,2
DA:14,4
DA:17,1
LF:7
LH:7
BRF:0
BRH:0
end_of_record
TN:
SF:src\filterByTerm.js
FN:1,filterByTerm
FN:5,(anonymous_1)
FNF:2
FNH:2
FNDA:2,filterByTerm
FNDA:6,(anonymous_1)
DA:2,2
DA:3,2
DA:4,2
DA:5,2
DA:6,6
DA:10,1
LF:6
LH:6
BRDA:2,0,0,0
BRDA:2,0,1,2
BRDA:3,1,0,0
BRDA:3,1,1,2
BRF:4
BRH:2
end_of_record
